<?xml version="1.0" encoding="UTF-8"?>
<!-- Generated by org.testng.reporters.JUnitXMLReporter -->
<testsuite ignored="0" hostname="LAPTOP-S80L74PF" failures="0" tests="4" name="Alerts Tests" time="22.641" errors="0" timestamp="2026-04-18T18:30:09 IST">
  <testcase classname="tests.AlertsTest" name="verifyJsAlertAccept" time="0.995"/>
  <testcase classname="tests.AlertsTest" name="verifyJsConfirmDismiss" time="0.942"/>
  <testcase classname="tests.AlertsTest" name="verifyJsPromptInput" time="0.867"/>
  <testcase classname="tests.AlertsTest" name="verifyResultTextUpdates" time="1.193"/>
</testsuite> <!-- Alerts Tests -->
