<?xml version="1.0" encoding="UTF-8"?>
<!-- Generated by org.testng.reporters.JUnitXMLReporter -->
<testsuite ignored="0" hostname="LAPTOP-S80L74PF" failures="0" tests="5" name="Authentication Tests" time="40.269" errors="0" timestamp="2026-04-18T18:29:46 IST">
  <testcase classname="tests.LoginTest" name="verifyLogin" time="2.484"/>
  <testcase classname="tests.LoginTest" name="verifyLogin" time="2.075"/>
  <testcase classname="tests.LoginTest" name="verifyLogin" time="2.153"/>
  <testcase classname="tests.LoginTest" name="verifyLogout" time="3.229"/>
  <testcase classname="tests.LoginTest" name="verifySuccessMessage" time="2.183"/>
</testsuite> <!-- Authentication Tests -->
