<?xml version="1.0" encoding="UTF-8"?>
<!-- Generated by org.testng.reporters.JUnitXMLReporter -->
<testsuite ignored="0" hostname="LAPTOP-S80L74PF" failures="0" tests="4" name="Checkbox Dropdown Tests" time="24.666" errors="0" timestamp="2026-04-18T18:30:33 IST">
  <testcase classname="tests.CheckboxesAndDropdownsTest" name="verifyCheckbox1Toggle" time="3.833"/>
  <testcase classname="tests.CheckboxesAndDropdownsTest" name="verifyCheckbox2Toggle" time="1.083"/>
  <testcase classname="tests.CheckboxesAndDropdownsTest" name="verifyDropdownOptionsCount" time="0.855"/>
  <testcase classname="tests.CheckboxesAndDropdownsTest" name="verifyDropdownSelection" time="1.328"/>
</testsuite> <!-- Checkbox Dropdown Tests -->
