<?xml version="1.0" encoding="UTF-8"?>
<!-- Generated by org.testng.reporters.JUnitXMLReporter -->
<testsuite ignored="0" hostname="LAPTOP-S80L74PF" failures="0" tests="2" name="Dynamic Loading Tests" time="28.526" errors="0" timestamp="2026-04-18T18:31:20 IST">
  <testcase classname="tests.DynamicLoadingTest" name="verifyDynamicLoadingText" time="6.725"/>
  <testcase classname="tests.DynamicLoadingTest" name="verifyElementReappearsOnRefresh" time="12.426"/>
</testsuite> <!-- Dynamic Loading Tests -->
