<?xml version="1.0" encoding="UTF-8"?>
<!-- Generated by org.testng.reporters.JUnitXMLReporter -->
<testsuite ignored="0" hostname="LAPTOP-S80L74PF" failures="0" tests="18" name="Automation Tests" time="188.505" errors="0" timestamp="2026-04-17T14:49:53 IST">
  <testcase classname="tests.LoginTest" name="verifyLogin" time="4.776"/>
  <testcase classname="tests.LoginTest" name="verifyLogin" time="9.225"/>
  <testcase classname="tests.LoginTest" name="verifyLogin" time="3.095"/>
  <testcase classname="tests.LoginTest" name="verifyLogout" time="4.543"/>
  <testcase classname="tests.LoginTest" name="verifySuccessMessage" time="5.423"/>
  <testcase classname="tests.AlertsTest" name="verifyJsAlertAccept" time="1.473"/>
  <testcase classname="tests.AlertsTest" name="verifyJsConfirmDismiss" time="1.216"/>
  <testcase classname="tests.AlertsTest" name="verifyJsPromptInput" time="1.401"/>
  <testcase classname="tests.AlertsTest" name="verifyResultTextUpdates" time="1.637"/>
  <testcase classname="tests.CheckboxesAndDropdownsTest" name="verifyCheckbox1Toggle" time="2.187"/>
  <testcase classname="tests.CheckboxesAndDropdownsTest" name="verifyCheckbox2Toggle" time="1.3"/>
  <testcase classname="tests.CheckboxesAndDropdownsTest" name="verifyDropdownOptionsCount" time="1.044"/>
  <testcase classname="tests.CheckboxesAndDropdownsTest" name="verifyDropdownSelection" time="1.885"/>
  <testcase classname="tests.FileUploadTest" name="verifyFileUpload" time="2.464"/>
  <testcase classname="tests.FileUploadTest" name="verifyUnsupportedFileUpload" time="2.745"/>
  <testcase classname="tests.FileUploadTest" name="verifyUploadPageUI" time="2.575"/>
  <testcase classname="tests.DynamicLoadingTest" name="verifyDynamicLoadingText" time="6.845"/>
  <testcase classname="tests.DynamicLoadingTest" name="verifyElementReappearsOnRefresh" time="13.106"/>
</testsuite> <!-- Automation Tests -->
