<?xml version="1.0" encoding="UTF-8"?>
<testng-results ignored="0" total="18" passed="18" failed="0" skipped="0">
  <reporter-output>
  </reporter-output>
  <suite started-at="2026-04-18T18:29:05 IST" name="InternetBot Suite" finished-at="2026-04-18T18:31:20 IST" duration-ms="135261">
    <groups>
    </groups>
    <test started-at="2026-04-18T18:29:05 IST" name="Authentication Tests" finished-at="2026-04-18T18:29:45 IST" duration-ms="40269">
      <class name="tests.LoginTest">
        <test-method is-config="true" signature="setup()[pri:0, instance:tests.LoginTest@76494737]" started-at="2026-04-18T18:29:07 IST" name="setup" finished-at="2026-04-18T18:29:14 IST" duration-ms="7968" status="PASS">
          <reporter-output>
          </reporter-output>
        </test-method> <!-- setup -->
        <test-method signature="verifyLogin(java.lang.String,java.lang.String,java.lang.String)[pri:0, instance:tests.LoginTest@76494737]" started-at="2026-04-18T18:29:14 IST" name="verifyLogin" data-provider="loginData" finished-at="2026-04-18T18:29:17 IST" duration-ms="2484" status="PASS">
          <params>
            <param index="0">
              <value>
                <![CDATA[tomsmith]]>
              </value>
            </param>
            <param index="1">
              <value>
                <![CDATA[SuperSecretPassword!]]>
              </value>
            </param>
            <param index="2">
              <value>
                <![CDATA[TRUE]]>
              </value>
            </param>
          </params>
          <reporter-output>
          </reporter-output>
        </test-method> <!-- verifyLogin -->
        <test-method is-config="true" signature="tearDown()[pri:0, instance:tests.LoginTest@76494737]" started-at="2026-04-18T18:29:17 IST" name="tearDown" finished-at="2026-04-18T18:29:17 IST" duration-ms="272" status="PASS">
          <reporter-output>
          </reporter-output>
        </test-method> <!-- tearDown -->
        <test-method is-config="true" signature="setup()[pri:0, instance:tests.LoginTest@76494737]" started-at="2026-04-18T18:29:17 IST" name="setup" finished-at="2026-04-18T18:29:22 IST" duration-ms="4607" status="PASS">
          <reporter-output>
          </reporter-output>
        </test-method> <!-- setup -->
        <test-method signature="verifyLogin(java.lang.String,java.lang.String,java.lang.String)[pri:0, instance:tests.LoginTest@76494737]" started-at="2026-04-18T18:29:22 IST" name="verifyLogin" data-provider="loginData" finished-at="2026-04-18T18:29:24 IST" duration-ms="2075" status="PASS">
          <params>
            <param index="0">
              <value>
                <![CDATA[tomsmith]]>
              </value>
            </param>
            <param index="1">
              <value>
                <![CDATA[wrong123]]>
              </value>
            </param>
            <param index="2">
              <value>
                <![CDATA[FALSE]]>
              </value>
            </param>
          </params>
          <reporter-output>
          </reporter-output>
        </test-method> <!-- verifyLogin -->
        <test-method is-config="true" signature="tearDown()[pri:0, instance:tests.LoginTest@76494737]" started-at="2026-04-18T18:29:24 IST" name="tearDown" finished-at="2026-04-18T18:29:24 IST" duration-ms="172" status="PASS">
          <reporter-output>
          </reporter-output>
        </test-method> <!-- tearDown -->
        <test-method is-config="true" signature="setup()[pri:0, instance:tests.LoginTest@76494737]" started-at="2026-04-18T18:29:24 IST" name="setup" finished-at="2026-04-18T18:29:28 IST" duration-ms="3844" status="PASS">
          <reporter-output>
          </reporter-output>
        </test-method> <!-- setup -->
        <test-method signature="verifyLogin(java.lang.String,java.lang.String,java.lang.String)[pri:0, instance:tests.LoginTest@76494737]" started-at="2026-04-18T18:29:28 IST" name="verifyLogin" data-provider="loginData" finished-at="2026-04-18T18:29:30 IST" duration-ms="2153" status="PASS">
          <params>
            <param index="0">
              <value>
                <![CDATA[Vaishnavi]]>
              </value>
            </param>
            <param index="1">
              <value>
                <![CDATA[Password123]]>
              </value>
            </param>
            <param index="2">
              <value>
                <![CDATA[FALSE]]>
              </value>
            </param>
          </params>
          <reporter-output>
          </reporter-output>
        </test-method> <!-- verifyLogin -->
        <test-method is-config="true" signature="tearDown()[pri:0, instance:tests.LoginTest@76494737]" started-at="2026-04-18T18:29:30 IST" name="tearDown" finished-at="2026-04-18T18:29:30 IST" duration-ms="175" status="PASS">
          <reporter-output>
          </reporter-output>
        </test-method> <!-- tearDown -->
        <test-method is-config="true" signature="setup()[pri:0, instance:tests.LoginTest@76494737]" started-at="2026-04-18T18:29:30 IST" name="setup" finished-at="2026-04-18T18:29:35 IST" duration-ms="4368" status="PASS">
          <reporter-output>
          </reporter-output>
        </test-method> <!-- setup -->
        <test-method signature="verifyLogout()[pri:0, instance:tests.LoginTest@76494737]" started-at="2026-04-18T18:29:35 IST" name="verifyLogout" finished-at="2026-04-18T18:29:38 IST" duration-ms="3229" status="PASS">
          <reporter-output>
          </reporter-output>
        </test-method> <!-- verifyLogout -->
        <test-method is-config="true" signature="tearDown()[pri:0, instance:tests.LoginTest@76494737]" started-at="2026-04-18T18:29:38 IST" name="tearDown" finished-at="2026-04-18T18:29:38 IST" duration-ms="386" status="PASS">
          <reporter-output>
          </reporter-output>
        </test-method> <!-- tearDown -->
        <test-method is-config="true" signature="setup()[pri:0, instance:tests.LoginTest@76494737]" started-at="2026-04-18T18:29:38 IST" name="setup" finished-at="2026-04-18T18:29:43 IST" duration-ms="4730" status="PASS">
          <reporter-output>
          </reporter-output>
        </test-method> <!-- setup -->
        <test-method signature="verifySuccessMessage()[pri:0, instance:tests.LoginTest@76494737]" started-at="2026-04-18T18:29:43 IST" name="verifySuccessMessage" finished-at="2026-04-18T18:29:45 IST" duration-ms="2183" status="PASS">
          <reporter-output>
          </reporter-output>
        </test-method> <!-- verifySuccessMessage -->
        <test-method is-config="true" signature="tearDown()[pri:0, instance:tests.LoginTest@76494737]" started-at="2026-04-18T18:29:45 IST" name="tearDown" finished-at="2026-04-18T18:29:45 IST" duration-ms="242" status="PASS">
          <reporter-output>
          </reporter-output>
        </test-method> <!-- tearDown -->
      </class> <!-- tests.LoginTest -->
    </test> <!-- Authentication Tests -->
    <test started-at="2026-04-18T18:29:46 IST" name="Alerts Tests" finished-at="2026-04-18T18:30:09 IST" duration-ms="22641">
      <class name="tests.AlertsTest">
        <test-method is-config="true" signature="setup()[pri:0, instance:tests.AlertsTest@1b1cfb87]" started-at="2026-04-18T18:29:46 IST" name="setup" finished-at="2026-04-18T18:29:51 IST" duration-ms="4997" status="PASS">
          <reporter-output>
          </reporter-output>
        </test-method> <!-- setup -->
        <test-method signature="verifyJsAlertAccept()[pri:0, instance:tests.AlertsTest@1b1cfb87]" started-at="2026-04-18T18:29:51 IST" name="verifyJsAlertAccept" finished-at="2026-04-18T18:29:52 IST" duration-ms="995" status="PASS">
          <reporter-output>
          </reporter-output>
        </test-method> <!-- verifyJsAlertAccept -->
        <test-method is-config="true" signature="tearDown()[pri:0, instance:tests.AlertsTest@1b1cfb87]" started-at="2026-04-18T18:29:52 IST" name="tearDown" finished-at="2026-04-18T18:29:52 IST" duration-ms="217" status="PASS">
          <reporter-output>
          </reporter-output>
        </test-method> <!-- tearDown -->
        <test-method is-config="true" signature="setup()[pri:0, instance:tests.AlertsTest@1b1cfb87]" started-at="2026-04-18T18:29:52 IST" name="setup" finished-at="2026-04-18T18:29:56 IST" duration-ms="4262" status="PASS">
          <reporter-output>
          </reporter-output>
        </test-method> <!-- setup -->
        <test-method signature="verifyJsConfirmDismiss()[pri:0, instance:tests.AlertsTest@1b1cfb87]" started-at="2026-04-18T18:29:56 IST" name="verifyJsConfirmDismiss" finished-at="2026-04-18T18:29:57 IST" duration-ms="942" status="PASS">
          <reporter-output>
          </reporter-output>
        </test-method> <!-- verifyJsConfirmDismiss -->
        <test-method is-config="true" signature="tearDown()[pri:0, instance:tests.AlertsTest@1b1cfb87]" started-at="2026-04-18T18:29:57 IST" name="tearDown" finished-at="2026-04-18T18:29:57 IST" duration-ms="210" status="PASS">
          <reporter-output>
          </reporter-output>
        </test-method> <!-- tearDown -->
        <test-method is-config="true" signature="setup()[pri:0, instance:tests.AlertsTest@1b1cfb87]" started-at="2026-04-18T18:29:57 IST" name="setup" finished-at="2026-04-18T18:30:02 IST" duration-ms="4115" status="PASS">
          <reporter-output>
          </reporter-output>
        </test-method> <!-- setup -->
        <test-method signature="verifyJsPromptInput()[pri:0, instance:tests.AlertsTest@1b1cfb87]" started-at="2026-04-18T18:30:02 IST" name="verifyJsPromptInput" finished-at="2026-04-18T18:30:02 IST" duration-ms="867" status="PASS">
          <reporter-output>
          </reporter-output>
        </test-method> <!-- verifyJsPromptInput -->
        <test-method is-config="true" signature="tearDown()[pri:0, instance:tests.AlertsTest@1b1cfb87]" started-at="2026-04-18T18:30:02 IST" name="tearDown" finished-at="2026-04-18T18:30:03 IST" duration-ms="194" status="PASS">
          <reporter-output>
          </reporter-output>
        </test-method> <!-- tearDown -->
        <test-method is-config="true" signature="setup()[pri:0, instance:tests.AlertsTest@1b1cfb87]" started-at="2026-04-18T18:30:03 IST" name="setup" finished-at="2026-04-18T18:30:07 IST" duration-ms="4425" status="PASS">
          <reporter-output>
          </reporter-output>
        </test-method> <!-- setup -->
        <test-method signature="verifyResultTextUpdates()[pri:0, instance:tests.AlertsTest@1b1cfb87]" started-at="2026-04-18T18:30:07 IST" name="verifyResultTextUpdates" finished-at="2026-04-18T18:30:08 IST" duration-ms="1193" status="PASS">
          <reporter-output>
          </reporter-output>
        </test-method> <!-- verifyResultTextUpdates -->
        <test-method is-config="true" signature="tearDown()[pri:0, instance:tests.AlertsTest@1b1cfb87]" started-at="2026-04-18T18:30:08 IST" name="tearDown" finished-at="2026-04-18T18:30:09 IST" duration-ms="210" status="PASS">
          <reporter-output>
          </reporter-output>
        </test-method> <!-- tearDown -->
      </class> <!-- tests.AlertsTest -->
    </test> <!-- Alerts Tests -->
    <test started-at="2026-04-18T18:30:09 IST" name="Checkbox Dropdown Tests" finished-at="2026-04-18T18:30:33 IST" duration-ms="24666">
      <class name="tests.CheckboxesAndDropdownsTest">
        <test-method is-config="true" signature="setup()[pri:0, instance:tests.CheckboxesAndDropdownsTest@5c86a017]" started-at="2026-04-18T18:30:09 IST" name="setup" finished-at="2026-04-18T18:30:11 IST" duration-ms="2558" status="PASS">
          <reporter-output>
          </reporter-output>
        </test-method> <!-- setup -->
        <test-method signature="verifyCheckbox1Toggle()[pri:0, instance:tests.CheckboxesAndDropdownsTest@5c86a017]" started-at="2026-04-18T18:30:11 IST" name="verifyCheckbox1Toggle" finished-at="2026-04-18T18:30:15 IST" duration-ms="3833" status="PASS">
          <reporter-output>
          </reporter-output>
        </test-method> <!-- verifyCheckbox1Toggle -->
        <test-method is-config="true" signature="tearDown()[pri:0, instance:tests.CheckboxesAndDropdownsTest@5c86a017]" started-at="2026-04-18T18:30:15 IST" name="tearDown" finished-at="2026-04-18T18:30:15 IST" duration-ms="309" status="PASS">
          <reporter-output>
          </reporter-output>
        </test-method> <!-- tearDown -->
        <test-method is-config="true" signature="setup()[pri:0, instance:tests.CheckboxesAndDropdownsTest@5c86a017]" started-at="2026-04-18T18:30:15 IST" name="setup" finished-at="2026-04-18T18:30:20 IST" duration-ms="4683" status="PASS">
          <reporter-output>
          </reporter-output>
        </test-method> <!-- setup -->
        <test-method signature="verifyCheckbox2Toggle()[pri:0, instance:tests.CheckboxesAndDropdownsTest@5c86a017]" started-at="2026-04-18T18:30:20 IST" name="verifyCheckbox2Toggle" finished-at="2026-04-18T18:30:21 IST" duration-ms="1083" status="PASS">
          <reporter-output>
          </reporter-output>
        </test-method> <!-- verifyCheckbox2Toggle -->
        <test-method is-config="true" signature="tearDown()[pri:0, instance:tests.CheckboxesAndDropdownsTest@5c86a017]" started-at="2026-04-18T18:30:21 IST" name="tearDown" finished-at="2026-04-18T18:30:21 IST" duration-ms="359" status="PASS">
          <reporter-output>
          </reporter-output>
        </test-method> <!-- tearDown -->
        <test-method is-config="true" signature="setup()[pri:0, instance:tests.CheckboxesAndDropdownsTest@5c86a017]" started-at="2026-04-18T18:30:21 IST" name="setup" finished-at="2026-04-18T18:30:26 IST" duration-ms="4801" status="PASS">
          <reporter-output>
          </reporter-output>
        </test-method> <!-- setup -->
        <test-method signature="verifyDropdownOptionsCount()[pri:0, instance:tests.CheckboxesAndDropdownsTest@5c86a017]" started-at="2026-04-18T18:30:26 IST" name="verifyDropdownOptionsCount" finished-at="2026-04-18T18:30:27 IST" duration-ms="855" status="PASS">
          <reporter-output>
          </reporter-output>
        </test-method> <!-- verifyDropdownOptionsCount -->
        <test-method is-config="true" signature="tearDown()[pri:0, instance:tests.CheckboxesAndDropdownsTest@5c86a017]" started-at="2026-04-18T18:30:27 IST" name="tearDown" finished-at="2026-04-18T18:30:27 IST" duration-ms="224" status="PASS">
          <reporter-output>
          </reporter-output>
        </test-method> <!-- tearDown -->
        <test-method is-config="true" signature="setup()[pri:0, instance:tests.CheckboxesAndDropdownsTest@5c86a017]" started-at="2026-04-18T18:30:27 IST" name="setup" finished-at="2026-04-18T18:30:32 IST" duration-ms="4394" status="PASS">
          <reporter-output>
          </reporter-output>
        </test-method> <!-- setup -->
        <test-method signature="verifyDropdownSelection()[pri:0, instance:tests.CheckboxesAndDropdownsTest@5c86a017]" started-at="2026-04-18T18:30:32 IST" name="verifyDropdownSelection" finished-at="2026-04-18T18:30:33 IST" duration-ms="1328" status="PASS">
          <reporter-output>
          </reporter-output>
        </test-method> <!-- verifyDropdownSelection -->
        <test-method is-config="true" signature="tearDown()[pri:0, instance:tests.CheckboxesAndDropdownsTest@5c86a017]" started-at="2026-04-18T18:30:33 IST" name="tearDown" finished-at="2026-04-18T18:30:33 IST" duration-ms="229" status="PASS">
          <reporter-output>
          </reporter-output>
        </test-method> <!-- tearDown -->
      </class> <!-- tests.CheckboxesAndDropdownsTest -->
    </test> <!-- Checkbox Dropdown Tests -->
    <test started-at="2026-04-18T18:30:33 IST" name="File Upload Tests" finished-at="2026-04-18T18:30:52 IST" duration-ms="18613">
      <class name="tests.FileUploadTest">
        <test-method is-config="true" signature="setup()[pri:0, instance:tests.FileUploadTest@4dc27487]" started-at="2026-04-18T18:30:33 IST" name="setup" finished-at="2026-04-18T18:30:37 IST" duration-ms="3940" status="PASS">
          <reporter-output>
          </reporter-output>
        </test-method> <!-- setup -->
        <test-method signature="verifyFileUpload()[pri:0, instance:tests.FileUploadTest@4dc27487]" started-at="2026-04-18T18:30:37 IST" name="verifyFileUpload" finished-at="2026-04-18T18:30:39 IST" duration-ms="1683" status="PASS">
          <reporter-output>
          </reporter-output>
        </test-method> <!-- verifyFileUpload -->
        <test-method is-config="true" signature="tearDown()[pri:0, instance:tests.FileUploadTest@4dc27487]" started-at="2026-04-18T18:30:39 IST" name="tearDown" finished-at="2026-04-18T18:30:39 IST" duration-ms="366" status="PASS">
          <reporter-output>
          </reporter-output>
        </test-method> <!-- tearDown -->
        <test-method is-config="true" signature="setup()[pri:0, instance:tests.FileUploadTest@4dc27487]" started-at="2026-04-18T18:30:39 IST" name="setup" finished-at="2026-04-18T18:30:44 IST" duration-ms="4866" status="PASS">
          <reporter-output>
          </reporter-output>
        </test-method> <!-- setup -->
        <test-method signature="verifyUnsupportedFileUpload()[pri:0, instance:tests.FileUploadTest@4dc27487]" started-at="2026-04-18T18:30:44 IST" name="verifyUnsupportedFileUpload" finished-at="2026-04-18T18:30:46 IST" duration-ms="1867" status="PASS">
          <reporter-output>
          </reporter-output>
        </test-method> <!-- verifyUnsupportedFileUpload -->
        <test-method is-config="true" signature="tearDown()[pri:0, instance:tests.FileUploadTest@4dc27487]" started-at="2026-04-18T18:30:46 IST" name="tearDown" finished-at="2026-04-18T18:30:46 IST" duration-ms="240" status="PASS">
          <reporter-output>
          </reporter-output>
        </test-method> <!-- tearDown -->
        <test-method is-config="true" signature="setup()[pri:0, instance:tests.FileUploadTest@4dc27487]" started-at="2026-04-18T18:30:46 IST" name="setup" finished-at="2026-04-18T18:30:51 IST" duration-ms="4334" status="PASS">
          <reporter-output>
          </reporter-output>
        </test-method> <!-- setup -->
        <test-method signature="verifyUploadPageUI()[pri:0, instance:tests.FileUploadTest@4dc27487]" started-at="2026-04-18T18:30:51 IST" name="verifyUploadPageUI" finished-at="2026-04-18T18:30:52 IST" duration-ms="1113" status="PASS">
          <reporter-output>
          </reporter-output>
        </test-method> <!-- verifyUploadPageUI -->
        <test-method is-config="true" signature="tearDown()[pri:0, instance:tests.FileUploadTest@4dc27487]" started-at="2026-04-18T18:30:52 IST" name="tearDown" finished-at="2026-04-18T18:30:52 IST" duration-ms="198" status="PASS">
          <reporter-output>
          </reporter-output>
        </test-method> <!-- tearDown -->
      </class> <!-- tests.FileUploadTest -->
    </test> <!-- File Upload Tests -->
    <test started-at="2026-04-18T18:30:52 IST" name="Dynamic Loading Tests" finished-at="2026-04-18T18:31:20 IST" duration-ms="28526">
      <class name="tests.DynamicLoadingTest">
        <test-method is-config="true" signature="setup()[pri:0, instance:tests.DynamicLoadingTest@7d3e8655]" started-at="2026-04-18T18:30:52 IST" name="setup" finished-at="2026-04-18T18:30:56 IST" duration-ms="4550" status="PASS">
          <reporter-output>
          </reporter-output>
        </test-method> <!-- setup -->
        <test-method signature="verifyDynamicLoadingText()[pri:0, instance:tests.DynamicLoadingTest@7d3e8655]" started-at="2026-04-18T18:30:56 IST" name="verifyDynamicLoadingText" finished-at="2026-04-18T18:31:03 IST" duration-ms="6725" status="PASS">
          <reporter-output>
          </reporter-output>
        </test-method> <!-- verifyDynamicLoadingText -->
        <test-method is-config="true" signature="tearDown()[pri:0, instance:tests.DynamicLoadingTest@7d3e8655]" started-at="2026-04-18T18:31:03 IST" name="tearDown" finished-at="2026-04-18T18:31:03 IST" duration-ms="283" status="PASS">
          <reporter-output>
          </reporter-output>
        </test-method> <!-- tearDown -->
        <test-method is-config="true" signature="setup()[pri:0, instance:tests.DynamicLoadingTest@7d3e8655]" started-at="2026-04-18T18:31:03 IST" name="setup" finished-at="2026-04-18T18:31:08 IST" duration-ms="4076" status="PASS">
          <reporter-output>
          </reporter-output>
        </test-method> <!-- setup -->
        <test-method signature="verifyElementReappearsOnRefresh()[pri:0, instance:tests.DynamicLoadingTest@7d3e8655]" started-at="2026-04-18T18:31:08 IST" name="verifyElementReappearsOnRefresh" finished-at="2026-04-18T18:31:20 IST" duration-ms="12426" status="PASS">
          <reporter-output>
          </reporter-output>
        </test-method> <!-- verifyElementReappearsOnRefresh -->
        <test-method is-config="true" signature="tearDown()[pri:0, instance:tests.DynamicLoadingTest@7d3e8655]" started-at="2026-04-18T18:31:20 IST" name="tearDown" finished-at="2026-04-18T18:31:20 IST" duration-ms="457" status="PASS">
          <reporter-output>
          </reporter-output>
        </test-method> <!-- tearDown -->
      </class> <!-- tests.DynamicLoadingTest -->
    </test> <!-- Dynamic Loading Tests -->
  </suite> <!-- InternetBot Suite -->
</testng-results>
