<?xml version="1.0" encoding="UTF-8"?>
<testsuite xmlns:xsi="http://www.w3.org/2001/XMLSchema-instance" xsi:noNamespaceSchemaLocation="https://maven.apache.org/surefire/maven-surefire-plugin/xsd/surefire-test-report-3.0.xsd" version="3.0" name="TestSuite" time="136.669" tests="18" errors="0" skipped="0" failures="0">
  <properties>
[...]
</properties>
  <testcase name="verifyLogin[tomsmith, SuperSecretPassword!, TRUE](1)" classname="tests.LoginTest" time="2.489">
    <system-out><![CDATA[2026-04-18T12:59:05.854045Z TestNG-test-Authentication Tests-1 ERROR Log4j API could not find a logging provider.
]]></system-out>
    <system-err><![CDATA[SLF4J: Failed to load class "org.slf4j.impl.StaticLoggerBinder".
SLF4J: Defaulting to no-operation (NOP) logger implementation
SLF4J: See http://www.slf4j.org/codes.html#StaticLoggerBinder for further details.
Apr 18, 2026 6:29:10 PM org.openqa.selenium.devtools.CdpVersionFinder findNearestMatch
WARNING: Unable to find an exact match for CDP version 147, returning the closest version; found: 143; Please update to a Selenium version that supports CDP version 147
]]></system-err>
  </testcase>
  <testcase name="verifyLogin[tomsmith, wrong123, FALSE](2)" classname="tests.LoginTest" time="2.077">
    <system-err><![CDATA[Apr 18, 2026 6:29:18 PM org.openqa.selenium.devtools.CdpVersionFinder findNearestMatch
WARNING: Unable to find an exact match for CDP version 147, returning the closest version; found: 143; Please update to a Selenium version that supports CDP version 147
]]></system-err>
  </testcase>
  <testcase name="verifyLogin[Vaishnavi, Password123, FALSE](3)" classname="tests.LoginTest" time="2.153">
    <system-err><![CDATA[Apr 18, 2026 6:29:25 PM org.openqa.selenium.devtools.CdpVersionFinder findNearestMatch
WARNING: Unable to find an exact match for CDP version 147, returning the closest version; found: 143; Please update to a Selenium version that supports CDP version 147
]]></system-err>
  </testcase>
  <testcase name="verifyLogout" classname="tests.LoginTest" time="3.23">
    <system-err><![CDATA[Apr 18, 2026 6:29:31 PM org.openqa.selenium.devtools.CdpVersionFinder findNearestMatch
WARNING: Unable to find an exact match for CDP version 147, returning the closest version; found: 143; Please update to a Selenium version that supports CDP version 147
]]></system-err>
  </testcase>
  <testcase name="verifySuccessMessage" classname="tests.LoginTest" time="2.182">
    <system-err><![CDATA[Apr 18, 2026 6:29:39 PM org.openqa.selenium.devtools.CdpVersionFinder findNearestMatch
WARNING: Unable to find an exact match for CDP version 147, returning the closest version; found: 143; Please update to a Selenium version that supports CDP version 147
]]></system-err>
  </testcase>
  <testcase name="verifyJsAlertAccept" classname="tests.AlertsTest" time="0.995">
    <system-err><![CDATA[Apr 18, 2026 6:29:47 PM org.openqa.selenium.devtools.CdpVersionFinder findNearestMatch
WARNING: Unable to find an exact match for CDP version 147, returning the closest version; found: 143; Please update to a Selenium version that supports CDP version 147
]]></system-err>
  </testcase>
  <testcase name="verifyJsConfirmDismiss" classname="tests.AlertsTest" time="0.94">
    <system-err><![CDATA[Apr 18, 2026 6:29:53 PM org.openqa.selenium.devtools.CdpVersionFinder findNearestMatch
WARNING: Unable to find an exact match for CDP version 147, returning the closest version; found: 143; Please update to a Selenium version that supports CDP version 147
]]></system-err>
  </testcase>
  <testcase name="verifyJsPromptInput" classname="tests.AlertsTest" time="0.868">
    <system-out><![CDATA[Thread ID: 100
]]></system-out>
    <system-err><![CDATA[Apr 18, 2026 6:29:58 PM org.openqa.selenium.devtools.CdpVersionFinder findNearestMatch
WARNING: Unable to find an exact match for CDP version 147, returning the closest version; found: 143; Please update to a Selenium version that supports CDP version 147
]]></system-err>
  </testcase>
  <testcase name="verifyResultTextUpdates" classname="tests.AlertsTest" time="1.195">
    <system-err><![CDATA[Apr 18, 2026 6:30:03 PM org.openqa.selenium.devtools.CdpVersionFinder findNearestMatch
WARNING: Unable to find an exact match for CDP version 147, returning the closest version; found: 143; Please update to a Selenium version that supports CDP version 147
]]></system-err>
  </testcase>
  <testcase name="verifyCheckbox1Toggle" classname="tests.CheckboxesAndDropdownsTest" time="3.832">
    <system-err><![CDATA[Apr 18, 2026 6:30:10 PM org.openqa.selenium.devtools.CdpVersionFinder findNearestMatch
WARNING: Unable to find an exact match for CDP version 147, returning the closest version; found: 143; Please update to a Selenium version that supports CDP version 147
]]></system-err>
  </testcase>
  <testcase name="verifyCheckbox2Toggle" classname="tests.CheckboxesAndDropdownsTest" time="1.083">
    <system-err><![CDATA[Apr 18, 2026 6:30:16 PM org.openqa.selenium.devtools.CdpVersionFinder findNearestMatch
WARNING: Unable to find an exact match for CDP version 147, returning the closest version; found: 143; Please update to a Selenium version that supports CDP version 147
]]></system-err>
  </testcase>
  <testcase name="verifyDropdownOptionsCount" classname="tests.CheckboxesAndDropdownsTest" time="0.855">
    <system-err><![CDATA[Apr 18, 2026 6:30:23 PM org.openqa.selenium.devtools.CdpVersionFinder findNearestMatch
WARNING: Unable to find an exact match for CDP version 147, returning the closest version; found: 143; Please update to a Selenium version that supports CDP version 147
]]></system-err>
  </testcase>
  <testcase name="verifyDropdownSelection" classname="tests.CheckboxesAndDropdownsTest" time="1.33">
    <system-out><![CDATA[Thread ID: 154
Thread ID: 154
]]></system-out>
    <system-err><![CDATA[Apr 18, 2026 6:30:28 PM org.openqa.selenium.devtools.CdpVersionFinder findNearestMatch
WARNING: Unable to find an exact match for CDP version 147, returning the closest version; found: 143; Please update to a Selenium version that supports CDP version 147
]]></system-err>
  </testcase>
  <testcase name="verifyFileUpload" classname="tests.FileUploadTest" time="1.681">
    <system-err><![CDATA[Apr 18, 2026 6:30:34 PM org.openqa.selenium.devtools.CdpVersionFinder findNearestMatch
WARNING: Unable to find an exact match for CDP version 147, returning the closest version; found: 143; Please update to a Selenium version that supports CDP version 147
]]></system-err>
  </testcase>
  <testcase name="verifyUnsupportedFileUpload" classname="tests.FileUploadTest" time="1.869">
    <system-out><![CDATA[Thread ID: 208
]]></system-out>
    <system-err><![CDATA[Apr 18, 2026 6:30:40 PM org.openqa.selenium.devtools.CdpVersionFinder findNearestMatch
WARNING: Unable to find an exact match for CDP version 147, returning the closest version; found: 143; Please update to a Selenium version that supports CDP version 147
]]></system-err>
  </testcase>
  <testcase name="verifyUploadPageUI" classname="tests.FileUploadTest" time="1.115">
    <system-err><![CDATA[Apr 18, 2026 6:30:47 PM org.openqa.selenium.devtools.CdpVersionFinder findNearestMatch
WARNING: Unable to find an exact match for CDP version 147, returning the closest version; found: 143; Please update to a Selenium version that supports CDP version 147
]]></system-err>
  </testcase>
  <testcase name="verifyDynamicLoadingText" classname="tests.DynamicLoadingTest" time="6.729">
    <system-err><![CDATA[Apr 18, 2026 6:30:53 PM org.openqa.selenium.devtools.CdpVersionFinder findNearestMatch
WARNING: Unable to find an exact match for CDP version 147, returning the closest version; found: 143; Please update to a Selenium version that supports CDP version 147
]]></system-err>
  </testcase>
  <testcase name="verifyElementReappearsOnRefresh" classname="tests.DynamicLoadingTest" time="12.428">
    <system-err><![CDATA[Apr 18, 2026 6:31:04 PM org.openqa.selenium.devtools.CdpVersionFinder findNearestMatch
WARNING: Unable to find an exact match for CDP version 147, returning the closest version; found: 143; Please update to a Selenium version that supports CDP version 147
]]></system-err>
  </testcase>
</testsuite>