<?xml version="1.0" encoding="UTF-8"?>
<testng-results ignored="0" total="18" passed="18" failed="0" skipped="0">
  <reporter-output>
  </reporter-output>
  <suite started-at="2026-04-18T18:13:10 IST" name="InternetBot Suite" finished-at="2026-04-18T18:14:40 IST" duration-ms="90480">
    <groups>
    </groups>
    <test started-at="2026-04-18T18:13:10 IST" name="All Tests" finished-at="2026-04-18T18:14:40 IST" duration-ms="90480">
      <class name="tests.LoginTest">
        <test-method is-config="true" signature="setup()[pri:0, instance:tests.LoginTest@2d29b4ee]" started-at="2026-04-18T18:13:11 IST" name="setup" finished-at="2026-04-18T18:13:24 IST" duration-ms="13397" status="PASS">
          <reporter-output>
          </reporter-output>
        </test-method> <!-- setup -->
        <test-method signature="verifyLogin(java.lang.String,java.lang.String,java.lang.String)[pri:0, instance:tests.LoginTest@2d29b4ee]" started-at="2026-04-18T18:13:24 IST" name="verifyLogin" data-provider="loginData" finished-at="2026-04-18T18:13:27 IST" duration-ms="3301" status="PASS">
          <params>
            <param index="0">
              <value>
                <![CDATA[tomsmith]]>
              </value>
            </param>
            <param index="1">
              <value>
                <![CDATA[SuperSecretPassword!]]>
              </value>
            </param>
            <param index="2">
              <value>
                <![CDATA[TRUE]]>
              </value>
            </param>
          </params>
          <reporter-output>
          </reporter-output>
        </test-method> <!-- verifyLogin -->
        <test-method is-config="true" signature="tearDown()[pri:0, instance:tests.LoginTest@2d29b4ee]" started-at="2026-04-18T18:13:27 IST" name="tearDown" finished-at="2026-04-18T18:13:28 IST" duration-ms="307" status="PASS">
          <reporter-output>
          </reporter-output>
        </test-method> <!-- tearDown -->
        <test-method is-config="true" signature="setup()[pri:0, instance:tests.LoginTest@2d29b4ee]" started-at="2026-04-18T18:13:28 IST" name="setup" finished-at="2026-04-18T18:13:32 IST" duration-ms="4735" status="PASS">
          <reporter-output>
          </reporter-output>
        </test-method> <!-- setup -->
        <test-method signature="verifyLogin(java.lang.String,java.lang.String,java.lang.String)[pri:0, instance:tests.LoginTest@2d29b4ee]" started-at="2026-04-18T18:13:32 IST" name="verifyLogin" data-provider="loginData" finished-at="2026-04-18T18:13:36 IST" duration-ms="3168" status="PASS">
          <params>
            <param index="0">
              <value>
                <![CDATA[tomsmith]]>
              </value>
            </param>
            <param index="1">
              <value>
                <![CDATA[wrong123]]>
              </value>
            </param>
            <param index="2">
              <value>
                <![CDATA[FALSE]]>
              </value>
            </param>
          </params>
          <reporter-output>
          </reporter-output>
        </test-method> <!-- verifyLogin -->
        <test-method is-config="true" signature="tearDown()[pri:0, instance:tests.LoginTest@2d29b4ee]" started-at="2026-04-18T18:13:36 IST" name="tearDown" finished-at="2026-04-18T18:13:36 IST" duration-ms="326" status="PASS">
          <reporter-output>
          </reporter-output>
        </test-method> <!-- tearDown -->
        <test-method is-config="true" signature="setup()[pri:0, instance:tests.LoginTest@2d29b4ee]" started-at="2026-04-18T18:13:36 IST" name="setup" finished-at="2026-04-18T18:13:40 IST" duration-ms="4138" status="PASS">
          <reporter-output>
          </reporter-output>
        </test-method> <!-- setup -->
        <test-method signature="verifyLogin(java.lang.String,java.lang.String,java.lang.String)[pri:0, instance:tests.LoginTest@2d29b4ee]" started-at="2026-04-18T18:13:40 IST" name="verifyLogin" data-provider="loginData" finished-at="2026-04-18T18:13:43 IST" duration-ms="2652" status="PASS">
          <params>
            <param index="0">
              <value>
                <![CDATA[Vaishnavi]]>
              </value>
            </param>
            <param index="1">
              <value>
                <![CDATA[Password123]]>
              </value>
            </param>
            <param index="2">
              <value>
                <![CDATA[FALSE]]>
              </value>
            </param>
          </params>
          <reporter-output>
          </reporter-output>
        </test-method> <!-- verifyLogin -->
        <test-method is-config="true" signature="tearDown()[pri:0, instance:tests.LoginTest@2d29b4ee]" started-at="2026-04-18T18:13:43 IST" name="tearDown" finished-at="2026-04-18T18:13:43 IST" duration-ms="256" status="PASS">
          <reporter-output>
          </reporter-output>
        </test-method> <!-- tearDown -->
        <test-method is-config="true" signature="setup()[pri:0, instance:tests.LoginTest@2d29b4ee]" started-at="2026-04-18T18:13:43 IST" name="setup" finished-at="2026-04-18T18:13:47 IST" duration-ms="4514" status="PASS">
          <reporter-output>
          </reporter-output>
        </test-method> <!-- setup -->
        <test-method signature="verifyLogout()[pri:0, instance:tests.LoginTest@2d29b4ee]" started-at="2026-04-18T18:13:47 IST" name="verifyLogout" finished-at="2026-04-18T18:13:51 IST" duration-ms="3731" status="PASS">
          <reporter-output>
          </reporter-output>
        </test-method> <!-- verifyLogout -->
        <test-method is-config="true" signature="tearDown()[pri:0, instance:tests.LoginTest@2d29b4ee]" started-at="2026-04-18T18:13:51 IST" name="tearDown" finished-at="2026-04-18T18:13:51 IST" duration-ms="301" status="PASS">
          <reporter-output>
          </reporter-output>
        </test-method> <!-- tearDown -->
        <test-method is-config="true" signature="setup()[pri:0, instance:tests.LoginTest@2d29b4ee]" started-at="2026-04-18T18:13:51 IST" name="setup" finished-at="2026-04-18T18:13:54 IST" duration-ms="2554" status="PASS">
          <reporter-output>
          </reporter-output>
        </test-method> <!-- setup -->
        <test-method signature="verifySuccessMessage()[pri:0, instance:tests.LoginTest@2d29b4ee]" started-at="2026-04-18T18:13:54 IST" name="verifySuccessMessage" finished-at="2026-04-18T18:14:00 IST" duration-ms="6339" status="PASS">
          <reporter-output>
          </reporter-output>
        </test-method> <!-- verifySuccessMessage -->
        <test-method is-config="true" signature="tearDown()[pri:0, instance:tests.LoginTest@2d29b4ee]" started-at="2026-04-18T18:14:00 IST" name="tearDown" finished-at="2026-04-18T18:14:01 IST" duration-ms="338" status="PASS">
          <reporter-output>
          </reporter-output>
        </test-method> <!-- tearDown -->
      </class> <!-- tests.LoginTest -->
      <class name="tests.DynamicLoadingTest">
        <test-method is-config="true" signature="setup()[pri:0, instance:tests.DynamicLoadingTest@7f2cfe3f]" started-at="2026-04-18T18:14:10 IST" name="setup" finished-at="2026-04-18T18:14:14 IST" duration-ms="4619" status="PASS">
          <reporter-output>
          </reporter-output>
        </test-method> <!-- setup -->
        <test-method signature="verifyDynamicLoadingText()[pri:0, instance:tests.DynamicLoadingTest@7f2cfe3f]" started-at="2026-04-18T18:14:14 IST" name="verifyDynamicLoadingText" finished-at="2026-04-18T18:14:22 IST" duration-ms="7366" status="PASS">
          <reporter-output>
          </reporter-output>
        </test-method> <!-- verifyDynamicLoadingText -->
        <test-method is-config="true" signature="tearDown()[pri:0, instance:tests.DynamicLoadingTest@7f2cfe3f]" started-at="2026-04-18T18:14:22 IST" name="tearDown" finished-at="2026-04-18T18:14:22 IST" duration-ms="240" status="PASS">
          <reporter-output>
          </reporter-output>
        </test-method> <!-- tearDown -->
        <test-method is-config="true" signature="setup()[pri:0, instance:tests.DynamicLoadingTest@7f2cfe3f]" started-at="2026-04-18T18:14:22 IST" name="setup" finished-at="2026-04-18T18:14:26 IST" duration-ms="4636" status="PASS">
          <reporter-output>
          </reporter-output>
        </test-method> <!-- setup -->
        <test-method signature="verifyElementReappearsOnRefresh()[pri:0, instance:tests.DynamicLoadingTest@7f2cfe3f]" started-at="2026-04-18T18:14:26 IST" name="verifyElementReappearsOnRefresh" finished-at="2026-04-18T18:14:40 IST" duration-ms="13099" status="PASS">
          <reporter-output>
          </reporter-output>
        </test-method> <!-- verifyElementReappearsOnRefresh -->
        <test-method is-config="true" signature="tearDown()[pri:0, instance:tests.DynamicLoadingTest@7f2cfe3f]" started-at="2026-04-18T18:14:40 IST" name="tearDown" finished-at="2026-04-18T18:14:40 IST" duration-ms="617" status="PASS">
          <reporter-output>
          </reporter-output>
        </test-method> <!-- tearDown -->
      </class> <!-- tests.DynamicLoadingTest -->
      <class name="tests.CheckboxesAndDropdownsTest">
        <test-method is-config="true" signature="setup()[pri:0, instance:tests.CheckboxesAndDropdownsTest@6cc4cdb9]" started-at="2026-04-18T18:13:45 IST" name="setup" finished-at="2026-04-18T18:13:49 IST" duration-ms="4478" status="PASS">
          <reporter-output>
          </reporter-output>
        </test-method> <!-- setup -->
        <test-method signature="verifyCheckbox1Toggle()[pri:0, instance:tests.CheckboxesAndDropdownsTest@6cc4cdb9]" started-at="2026-04-18T18:13:49 IST" name="verifyCheckbox1Toggle" finished-at="2026-04-18T18:13:51 IST" duration-ms="1313" status="PASS">
          <reporter-output>
          </reporter-output>
        </test-method> <!-- verifyCheckbox1Toggle -->
        <test-method is-config="true" signature="tearDown()[pri:0, instance:tests.CheckboxesAndDropdownsTest@6cc4cdb9]" started-at="2026-04-18T18:13:51 IST" name="tearDown" finished-at="2026-04-18T18:13:51 IST" duration-ms="263" status="PASS">
          <reporter-output>
          </reporter-output>
        </test-method> <!-- tearDown -->
        <test-method is-config="true" signature="setup()[pri:0, instance:tests.CheckboxesAndDropdownsTest@6cc4cdb9]" started-at="2026-04-18T18:13:51 IST" name="setup" finished-at="2026-04-18T18:13:55 IST" duration-ms="4191" status="PASS">
          <reporter-output>
          </reporter-output>
        </test-method> <!-- setup -->
        <test-method signature="verifyCheckbox2Toggle()[pri:0, instance:tests.CheckboxesAndDropdownsTest@6cc4cdb9]" started-at="2026-04-18T18:13:55 IST" name="verifyCheckbox2Toggle" finished-at="2026-04-18T18:13:56 IST" duration-ms="1299" status="PASS">
          <reporter-output>
          </reporter-output>
        </test-method> <!-- verifyCheckbox2Toggle -->
        <test-method is-config="true" signature="tearDown()[pri:0, instance:tests.CheckboxesAndDropdownsTest@6cc4cdb9]" started-at="2026-04-18T18:13:56 IST" name="tearDown" finished-at="2026-04-18T18:13:57 IST" duration-ms="257" status="PASS">
          <reporter-output>
          </reporter-output>
        </test-method> <!-- tearDown -->
        <test-method is-config="true" signature="setup()[pri:0, instance:tests.CheckboxesAndDropdownsTest@6cc4cdb9]" started-at="2026-04-18T18:13:57 IST" name="setup" finished-at="2026-04-18T18:14:01 IST" duration-ms="4722" status="PASS">
          <reporter-output>
          </reporter-output>
        </test-method> <!-- setup -->
        <test-method signature="verifyDropdownOptionsCount()[pri:0, instance:tests.CheckboxesAndDropdownsTest@6cc4cdb9]" started-at="2026-04-18T18:14:01 IST" name="verifyDropdownOptionsCount" finished-at="2026-04-18T18:14:03 IST" duration-ms="1193" status="PASS">
          <reporter-output>
          </reporter-output>
        </test-method> <!-- verifyDropdownOptionsCount -->
        <test-method is-config="true" signature="tearDown()[pri:0, instance:tests.CheckboxesAndDropdownsTest@6cc4cdb9]" started-at="2026-04-18T18:14:03 IST" name="tearDown" finished-at="2026-04-18T18:14:03 IST" duration-ms="248" status="PASS">
          <reporter-output>
          </reporter-output>
        </test-method> <!-- tearDown -->
        <test-method is-config="true" signature="setup()[pri:0, instance:tests.CheckboxesAndDropdownsTest@6cc4cdb9]" started-at="2026-04-18T18:14:03 IST" name="setup" finished-at="2026-04-18T18:14:07 IST" duration-ms="4607" status="PASS">
          <reporter-output>
          </reporter-output>
        </test-method> <!-- setup -->
        <test-method signature="verifyDropdownSelection()[pri:0, instance:tests.CheckboxesAndDropdownsTest@6cc4cdb9]" started-at="2026-04-18T18:14:07 IST" name="verifyDropdownSelection" finished-at="2026-04-18T18:14:09 IST" duration-ms="1812" status="PASS">
          <reporter-output>
          </reporter-output>
        </test-method> <!-- verifyDropdownSelection -->
        <test-method is-config="true" signature="tearDown()[pri:0, instance:tests.CheckboxesAndDropdownsTest@6cc4cdb9]" started-at="2026-04-18T18:14:09 IST" name="tearDown" finished-at="2026-04-18T18:14:10 IST" duration-ms="320" status="PASS">
          <reporter-output>
          </reporter-output>
        </test-method> <!-- tearDown -->
      </class> <!-- tests.CheckboxesAndDropdownsTest -->
      <class name="tests.AlertsTest">
        <test-method is-config="true" signature="setup()[pri:0, instance:tests.AlertsTest@50f6ac94]" started-at="2026-04-18T18:13:10 IST" name="setup" finished-at="2026-04-18T18:13:23 IST" duration-ms="13537" status="PASS">
          <reporter-output>
          </reporter-output>
        </test-method> <!-- setup -->
        <test-method signature="verifyJsAlertAccept()[pri:0, instance:tests.AlertsTest@50f6ac94]" started-at="2026-04-18T18:13:23 IST" name="verifyJsAlertAccept" finished-at="2026-04-18T18:13:25 IST" duration-ms="1592" status="PASS">
          <reporter-output>
          </reporter-output>
        </test-method> <!-- verifyJsAlertAccept -->
        <test-method is-config="true" signature="tearDown()[pri:0, instance:tests.AlertsTest@50f6ac94]" started-at="2026-04-18T18:13:25 IST" name="tearDown" finished-at="2026-04-18T18:13:25 IST" duration-ms="275" status="PASS">
          <reporter-output>
          </reporter-output>
        </test-method> <!-- tearDown -->
        <test-method is-config="true" signature="setup()[pri:0, instance:tests.AlertsTest@50f6ac94]" started-at="2026-04-18T18:13:25 IST" name="setup" finished-at="2026-04-18T18:13:30 IST" duration-ms="4856" status="PASS">
          <reporter-output>
          </reporter-output>
        </test-method> <!-- setup -->
        <test-method signature="verifyJsConfirmDismiss()[pri:0, instance:tests.AlertsTest@50f6ac94]" started-at="2026-04-18T18:13:30 IST" name="verifyJsConfirmDismiss" finished-at="2026-04-18T18:13:32 IST" duration-ms="1652" status="PASS">
          <reporter-output>
          </reporter-output>
        </test-method> <!-- verifyJsConfirmDismiss -->
        <test-method is-config="true" signature="tearDown()[pri:0, instance:tests.AlertsTest@50f6ac94]" started-at="2026-04-18T18:13:32 IST" name="tearDown" finished-at="2026-04-18T18:13:32 IST" duration-ms="264" status="PASS">
          <reporter-output>
          </reporter-output>
        </test-method> <!-- tearDown -->
        <test-method is-config="true" signature="setup()[pri:0, instance:tests.AlertsTest@50f6ac94]" started-at="2026-04-18T18:13:32 IST" name="setup" finished-at="2026-04-18T18:13:36 IST" duration-ms="4254" status="PASS">
          <reporter-output>
          </reporter-output>
        </test-method> <!-- setup -->
        <test-method signature="verifyJsPromptInput()[pri:0, instance:tests.AlertsTest@50f6ac94]" started-at="2026-04-18T18:13:36 IST" name="verifyJsPromptInput" finished-at="2026-04-18T18:13:38 IST" duration-ms="1515" status="PASS">
          <reporter-output>
          </reporter-output>
        </test-method> <!-- verifyJsPromptInput -->
        <test-method is-config="true" signature="tearDown()[pri:0, instance:tests.AlertsTest@50f6ac94]" started-at="2026-04-18T18:13:38 IST" name="tearDown" finished-at="2026-04-18T18:13:38 IST" duration-ms="288" status="PASS">
          <reporter-output>
          </reporter-output>
        </test-method> <!-- tearDown -->
        <test-method is-config="true" signature="setup()[pri:0, instance:tests.AlertsTest@50f6ac94]" started-at="2026-04-18T18:13:38 IST" name="setup" finished-at="2026-04-18T18:13:43 IST" duration-ms="4584" status="PASS">
          <reporter-output>
          </reporter-output>
        </test-method> <!-- setup -->
        <test-method signature="verifyResultTextUpdates()[pri:0, instance:tests.AlertsTest@50f6ac94]" started-at="2026-04-18T18:13:43 IST" name="verifyResultTextUpdates" finished-at="2026-04-18T18:13:45 IST" duration-ms="2004" status="PASS">
          <reporter-output>
          </reporter-output>
        </test-method> <!-- verifyResultTextUpdates -->
        <test-method is-config="true" signature="tearDown()[pri:0, instance:tests.AlertsTest@50f6ac94]" started-at="2026-04-18T18:13:45 IST" name="tearDown" finished-at="2026-04-18T18:13:45 IST" duration-ms="267" status="PASS">
          <reporter-output>
          </reporter-output>
        </test-method> <!-- tearDown -->
      </class> <!-- tests.AlertsTest -->
      <class name="tests.FileUploadTest">
        <test-method is-config="true" signature="setup()[pri:0, instance:tests.FileUploadTest@28194a50]" started-at="2026-04-18T18:14:01 IST" name="setup" finished-at="2026-04-18T18:14:05 IST" duration-ms="4277" status="PASS">
          <reporter-output>
          </reporter-output>
        </test-method> <!-- setup -->
        <test-method signature="verifyFileUpload()[pri:0, instance:tests.FileUploadTest@28194a50]" started-at="2026-04-18T18:14:05 IST" name="verifyFileUpload" finished-at="2026-04-18T18:14:07 IST" duration-ms="2266" status="PASS">
          <reporter-output>
          </reporter-output>
        </test-method> <!-- verifyFileUpload -->
        <test-method is-config="true" signature="tearDown()[pri:0, instance:tests.FileUploadTest@28194a50]" started-at="2026-04-18T18:14:07 IST" name="tearDown" finished-at="2026-04-18T18:14:08 IST" duration-ms="317" status="PASS">
          <reporter-output>
          </reporter-output>
        </test-method> <!-- tearDown -->
        <test-method is-config="true" signature="setup()[pri:0, instance:tests.FileUploadTest@28194a50]" started-at="2026-04-18T18:14:08 IST" name="setup" finished-at="2026-04-18T18:14:10 IST" duration-ms="2438" status="PASS">
          <reporter-output>
          </reporter-output>
        </test-method> <!-- setup -->
        <test-method signature="verifyUnsupportedFileUpload()[pri:0, instance:tests.FileUploadTest@28194a50]" started-at="2026-04-18T18:14:10 IST" name="verifyUnsupportedFileUpload" finished-at="2026-04-18T18:14:15 IST" duration-ms="5031" status="PASS">
          <reporter-output>
          </reporter-output>
        </test-method> <!-- verifyUnsupportedFileUpload -->
        <test-method is-config="true" signature="tearDown()[pri:0, instance:tests.FileUploadTest@28194a50]" started-at="2026-04-18T18:14:15 IST" name="tearDown" finished-at="2026-04-18T18:14:15 IST" duration-ms="334" status="PASS">
          <reporter-output>
          </reporter-output>
        </test-method> <!-- tearDown -->
        <test-method is-config="true" signature="setup()[pri:0, instance:tests.FileUploadTest@28194a50]" started-at="2026-04-18T18:14:15 IST" name="setup" finished-at="2026-04-18T18:14:20 IST" duration-ms="4346" status="PASS">
          <reporter-output>
          </reporter-output>
        </test-method> <!-- setup -->
        <test-method signature="verifyUploadPageUI()[pri:0, instance:tests.FileUploadTest@28194a50]" started-at="2026-04-18T18:14:20 IST" name="verifyUploadPageUI" finished-at="2026-04-18T18:14:21 IST" duration-ms="1694" status="PASS">
          <reporter-output>
          </reporter-output>
        </test-method> <!-- verifyUploadPageUI -->
        <test-method is-config="true" signature="tearDown()[pri:0, instance:tests.FileUploadTest@28194a50]" started-at="2026-04-18T18:14:21 IST" name="tearDown" finished-at="2026-04-18T18:14:22 IST" duration-ms="251" status="PASS">
          <reporter-output>
          </reporter-output>
        </test-method> <!-- tearDown -->
      </class> <!-- tests.FileUploadTest -->
    </test> <!-- All Tests -->
  </suite> <!-- InternetBot Suite -->
</testng-results>
