<?xml version="1.0" encoding="UTF-8"?>
<!-- Generated by org.testng.reporters.JUnitXMLReporter -->
<testsuite ignored="0" hostname="LAPTOP-S80L74PF" failures="0" tests="4" name="Alerts Tests" time="34.801" errors="0" timestamp="2026-04-18T17:59:00 IST">
  <testcase classname="tests.AlertsTest" name="verifyJsAlertAccept" time="1.269"/>
  <testcase classname="tests.AlertsTest" name="verifyJsConfirmDismiss" time="1.442"/>
  <testcase classname="tests.AlertsTest" name="verifyJsPromptInput" time="1.472"/>
  <testcase classname="tests.AlertsTest" name="verifyResultTextUpdates" time="2.787"/>
</testsuite> <!-- Alerts Tests -->
