<?xml version="1.0" encoding="UTF-8"?>
<!-- Generated by org.testng.reporters.JUnitXMLReporter -->
<testsuite ignored="0" hostname="LAPTOP-S80L74PF" failures="0" tests="18" name="All Tests" time="90.48" errors="0" timestamp="2026-04-18T18:14:41 IST">
  <testcase classname="tests.AlertsTest" name="verifyJsAlertAccept" time="1.592"/>
  <testcase classname="tests.LoginTest" name="verifyLogin" time="3.301"/>
  <testcase classname="tests.AlertsTest" name="verifyJsConfirmDismiss" time="1.652"/>
  <testcase classname="tests.LoginTest" name="verifyLogin" time="3.168"/>
  <testcase classname="tests.AlertsTest" name="verifyJsPromptInput" time="1.515"/>
  <testcase classname="tests.LoginTest" name="verifyLogin" time="2.652"/>
  <testcase classname="tests.AlertsTest" name="verifyResultTextUpdates" time="2.004"/>
  <testcase classname="tests.CheckboxesAndDropdownsTest" name="verifyCheckbox1Toggle" time="1.313"/>
  <testcase classname="tests.LoginTest" name="verifyLogout" time="3.731"/>
  <testcase classname="tests.CheckboxesAndDropdownsTest" name="verifyCheckbox2Toggle" time="1.299"/>
  <testcase classname="tests.LoginTest" name="verifySuccessMessage" time="6.339"/>
  <testcase classname="tests.CheckboxesAndDropdownsTest" name="verifyDropdownOptionsCount" time="1.193"/>
  <testcase classname="tests.FileUploadTest" name="verifyFileUpload" time="2.266"/>
  <testcase classname="tests.CheckboxesAndDropdownsTest" name="verifyDropdownSelection" time="1.812"/>
  <testcase classname="tests.FileUploadTest" name="verifyUnsupportedFileUpload" time="5.031"/>
  <testcase classname="tests.FileUploadTest" name="verifyUploadPageUI" time="1.694"/>
  <testcase classname="tests.DynamicLoadingTest" name="verifyDynamicLoadingText" time="7.366"/>
  <testcase classname="tests.DynamicLoadingTest" name="verifyElementReappearsOnRefresh" time="13.099"/>
</testsuite> <!-- All Tests -->
