<?xml version="1.0" encoding="UTF-8"?>
<!-- Generated by org.testng.reporters.JUnitXMLReporter -->
<testsuite ignored="0" hostname="LAPTOP-S80L74PF" failures="0" tests="5" name="Authentication Tests" time="49.713" errors="0" timestamp="2026-04-18T17:59:14 IST">
  <testcase classname="tests.LoginTest" name="verifyLogin" time="2.774"/>
  <testcase classname="tests.LoginTest" name="verifyLogin" time="6.297"/>
  <testcase classname="tests.LoginTest" name="verifyLogin" time="3.326"/>
  <testcase classname="tests.LoginTest" name="verifyLogout" time="6.223"/>
  <testcase classname="tests.LoginTest" name="verifySuccessMessage" time="3.095"/>
</testsuite> <!-- Authentication Tests -->
