<?xml version="1.0" encoding="UTF-8"?>
<!-- Generated by org.testng.reporters.JUnitXMLReporter -->
<testsuite ignored="0" hostname="LAPTOP-S80L74PF" failures="0" tests="4" name="Checkbox and Dropdown Tests" time="25.065" errors="0" timestamp="2026-04-18T17:59:25 IST">
  <testcase classname="tests.CheckboxesAndDropdownsTest" name="verifyCheckbox1Toggle" time="1.695"/>
  <testcase classname="tests.CheckboxesAndDropdownsTest" name="verifyCheckbox2Toggle" time="1.274"/>
  <testcase classname="tests.CheckboxesAndDropdownsTest" name="verifyDropdownOptionsCount" time="1.108"/>
  <testcase classname="tests.CheckboxesAndDropdownsTest" name="verifyDropdownSelection" time="1.852"/>
</testsuite> <!-- Checkbox and Dropdown Tests -->
