<?xml version="1.0" encoding="UTF-8"?>
<!-- Generated by org.testng.reporters.JUnitXMLReporter -->
<testsuite ignored="0" hostname="LAPTOP-S80L74PF" failures="1" tests="4" name="Dynamic Loading Tests" time="55.476" errors="0" timestamp="2026-04-18T18:00:21 IST">
  <testcase classname="tests.DynamicLoadingTest" name="verifyDynamicLoadingText" time="9.809">
    <skipped/>
  </testcase> <!-- verifyDynamicLoadingText -->
  <testcase classname="tests.DynamicLoadingTest" name="verifyDynamicLoadingText" time="7.311">
    <skipped/>
  </testcase> <!-- verifyDynamicLoadingText -->
  <testcase classname="tests.DynamicLoadingTest" name="verifyDynamicLoadingText" time="7.215">
    <failure type="java.lang.AssertionError" message="Dynamic text not loaded correctly expected [false] but found [true]">
      <![CDATA[java.lang.AssertionError: Dynamic text not loaded correctly expected [false] but found [true]
at tests.DynamicLoadingTest.verifyDynamicLoadingText(DynamicLoadingTest.java:24)
at java.base/java.util.ArrayList.forEach(ArrayList.java:1511)
at java.base/java.util.concurrent.FutureTask.run(FutureTask.java:264)
at java.base/java.util.concurrent.ThreadPoolExecutor.runWorker(ThreadPoolExecutor.java:1136)
at java.base/java.util.concurrent.ThreadPoolExecutor$Worker.run(ThreadPoolExecutor.java:635)
at java.base/java.lang.Thread.run(Thread.java:842)
... Removed 20 stack frames]]>
    </failure>
  </testcase> <!-- verifyDynamicLoadingText -->
  <testcase classname="tests.DynamicLoadingTest" name="verifyElementReappearsOnRefresh" time="13.329"/>
</testsuite> <!-- Dynamic Loading Tests -->
