<?xml version="1.0" encoding="UTF-8"?>
<!-- Generated by org.testng.reporters.JUnitXMLReporter -->
<testsuite ignored="0" hostname="LAPTOP-S80L74PF" failures="0" tests="3" name="File Upload Tests" time="18.322" errors="0" timestamp="2026-04-18T17:59:32 IST">
  <testcase classname="tests.FileUploadTest" name="verifyFileUpload" time="1.992"/>
  <testcase classname="tests.FileUploadTest" name="verifyUnsupportedFileUpload" time="1.885"/>
  <testcase classname="tests.FileUploadTest" name="verifyUploadPageUI" time="1.436"/>
</testsuite> <!-- File Upload Tests -->
