<?xml version="1.0" encoding="UTF-8"?>
<!-- Generated by org.testng.reporters.JUnitReportReporter -->
<testsuite hostname="LAPTOP-S80L74PF" failures="0" tests="3" name="tests.FileUploadTest" time="20.954" errors="0" timestamp="2026-04-18T18:14:41 IST" skipped="0">
  <testcase classname="tests.FileUploadTest" name="verifyFileUpload" time="6.860"/>
  <testcase classname="tests.FileUploadTest" name="verifyUnsupportedFileUpload" time="7.720"/>
  <testcase classname="tests.FileUploadTest" name="verifyUploadPageUI" time="6.374"/>
</testsuite> <!-- tests.FileUploadTest -->
