<?xml version="1.0" encoding="UTF-8"?>
<!-- Generated by org.testng.reporters.JUnitReportReporter -->
<testsuite hostname="LAPTOP-S80L74PF" failures="0" tests="5" name="tests.LoginTest" time="50.057" errors="0" timestamp="2026-04-18T18:14:41 IST" skipped="0">
  <testcase classname="tests.LoginTest" name="verifyLogout" time="8.571"/>
  <testcase classname="tests.LoginTest" name="verifyLogin" time="7.091"/>
  <testcase classname="tests.LoginTest" name="verifyLogin" time="6.162"/>
  <testcase classname="tests.LoginTest" name="verifyLogin" time="16.903"/>
  <testcase classname="tests.LoginTest" name="verifySuccessMessage" time="11.330"/>
</testsuite> <!-- tests.LoginTest -->
