<?xml version="1.0" encoding="UTF-8"?>
<!-- Generated by org.testng.reporters.JUnitReportReporter -->
<testsuite hostname="LAPTOP-S80L74PF" failures="0" tests="4" name="tests.CheckboxesAndDropdownsTest" time="24.703" errors="0" timestamp="2026-04-18T18:14:41 IST" skipped="0">
  <testcase classname="tests.CheckboxesAndDropdownsTest" name="verifyCheckbox1Toggle" time="6.283"/>
  <testcase classname="tests.CheckboxesAndDropdownsTest" name="verifyDropdownOptionsCount" time="5.641"/>
  <testcase classname="tests.CheckboxesAndDropdownsTest" name="verifyCheckbox2Toggle" time="6.169"/>
  <testcase classname="tests.CheckboxesAndDropdownsTest" name="verifyDropdownSelection" time="6.610"/>
</testsuite> <!-- tests.CheckboxesAndDropdownsTest -->
