<?xml version="1.0" encoding="UTF-8"?>
<!-- Generated by org.testng.reporters.JUnitReportReporter -->
<testsuite hostname="LAPTOP-S80L74PF" failures="0" tests="4" name="tests.AlertsTest" time="35.088" errors="0" timestamp="2026-04-18T18:14:41 IST" skipped="0">
  <testcase classname="tests.AlertsTest" name="verifyJsPromptInput" time="6.036"/>
  <testcase classname="tests.AlertsTest" name="verifyJsAlertAccept" time="15.417"/>
  <testcase classname="tests.AlertsTest" name="verifyJsConfirmDismiss" time="6.500"/>
  <testcase classname="tests.AlertsTest" name="verifyResultTextUpdates" time="7.135"/>
</testsuite> <!-- tests.AlertsTest -->
