<?xml version="1.0" encoding="UTF-8"?>
<!-- Generated by org.testng.reporters.JUnitReportReporter -->
<testsuite hostname="LAPTOP-S80L74PF" failures="0" tests="2" name="tests.DynamicLoadingTest" time="28.517" errors="0" timestamp="2026-04-18T18:31:21 IST" skipped="0">
  <testcase classname="tests.DynamicLoadingTest" name="verifyDynamicLoadingText" time="11.558"/>
  <testcase classname="tests.DynamicLoadingTest" name="verifyElementReappearsOnRefresh" time="16.959"/>
</testsuite> <!-- tests.DynamicLoadingTest -->
