<?xml version="1.0" encoding="UTF-8"?>
<!-- Generated by org.testng.reporters.JUnitReportReporter -->
<testsuite hostname="LAPTOP-S80L74PF" failures="0" tests="4" name="tests.CheckboxesAndDropdownsTest" time="24.656" errors="0" timestamp="2026-04-18T18:31:21 IST" skipped="0">
  <testcase classname="tests.CheckboxesAndDropdownsTest" name="verifyDropdownSelection" time="6.031"/>
  <testcase classname="tests.CheckboxesAndDropdownsTest" name="verifyCheckbox1Toggle" time="8.745"/>
  <testcase classname="tests.CheckboxesAndDropdownsTest" name="verifyDropdownOptionsCount" time="3.637"/>
  <testcase classname="tests.CheckboxesAndDropdownsTest" name="verifyCheckbox2Toggle" time="6.243"/>
</testsuite> <!-- tests.CheckboxesAndDropdownsTest -->
