<?xml version="1.0" encoding="UTF-8"?>
<!-- Generated by org.testng.reporters.JUnitReportReporter -->
<testsuite hostname="LAPTOP-S80L74PF" failures="0" tests="3" name="tests.FileUploadTest" time="18.607" errors="0" timestamp="2026-04-18T18:31:21 IST" skipped="0">
  <testcase classname="tests.FileUploadTest" name="verifyUnsupportedFileUpload" time="6.931"/>
  <testcase classname="tests.FileUploadTest" name="verifyUploadPageUI" time="5.687"/>
  <testcase classname="tests.FileUploadTest" name="verifyFileUpload" time="5.989"/>
</testsuite> <!-- tests.FileUploadTest -->
