<?xml version="1.0" encoding="UTF-8"?>
<!-- Generated by org.testng.reporters.JUnitReportReporter -->
<testsuite hostname="LAPTOP-S80L74PF" failures="0" tests="5" name="tests.LoginTest" time="38.888" errors="0" timestamp="2026-04-18T18:31:21 IST" skipped="0">
  <testcase classname="tests.LoginTest" name="verifySuccessMessage" time="6.962"/>
  <testcase classname="tests.LoginTest" name="verifyLogin" time="7.238"/>
  <testcase classname="tests.LoginTest" name="verifyLogout" time="7.315"/>
  <testcase classname="tests.LoginTest" name="verifyLogin" time="10.393"/>
  <testcase classname="tests.LoginTest" name="verifyLogin" time="6.980"/>
</testsuite> <!-- tests.LoginTest -->
