<?xml version="1.0" encoding="UTF-8"?>
<!-- Generated by org.testng.reporters.JUnitReportReporter -->
<testsuite hostname="LAPTOP-S80L74PF" failures="0" tests="4" name="tests.AlertsTest" time="22.627" errors="0" timestamp="2026-04-18T18:31:21 IST" skipped="0">
  <testcase classname="tests.AlertsTest" name="verifyJsPromptInput" time="5.509"/>
  <testcase classname="tests.AlertsTest" name="verifyResultTextUpdates" time="5.649"/>
  <testcase classname="tests.AlertsTest" name="verifyJsConfirmDismiss" time="6.149"/>
  <testcase classname="tests.AlertsTest" name="verifyJsAlertAccept" time="5.320"/>
</testsuite> <!-- tests.AlertsTest -->
